<?xml version="1.0" encoding="UTF-8"?>
<!-- Generated by org.testng.reporters.JUnitXMLReporter -->
<testsuite ignored="0" hostname="idea-PC" failures="0" tests="1" name="Test-Runner1" time="23.992" errors="0" timestamp="2022-06-08T23:04:01 IST">
  <testcase classname="com.crm.practice.SeleniumGridPractice" name="launchBrowserInRemoteachine" time="23.936"/>
</testsuite> <!-- Test-Runner1 -->
