<?xml version="1.0" encoding="UTF-8"?>
<!-- Generated by org.testng.reporters.JUnitXMLReporter -->
<testsuite ignored="0" hostname="idea-PC" failures="0" tests="1" name="Test-Runner2" time="51.494" errors="0" timestamp="2022-06-08T23:04:29 IST">
  <testcase classname="com.crm.practice.SeleniumGridPractice" name="launchBrowserInRemoteachine" time="51.339"/>
</testsuite> <!-- Test-Runner2 -->
