<?xml version="1.0" encoding="UTF-8"?>
<!-- Generated by org.testng.reporters.JUnitReportReporter -->
<testsuite hostname="idea-PC" failures="0" tests="1" name="com.crm.practice.GridSample" time="18.326" errors="0" timestamp="2022-06-08T21:56:33 IST" skipped="0">
  <testcase classname="com.crm.practice.GridSample" name="launch" time="18.326"/>
  <system-out/>
</testsuite> <!-- com.crm.practice.GridSample -->
