<?xml version="1.0" encoding="UTF-8"?>
<!-- Generated by org.testng.reporters.JUnitReportReporter -->
<testsuite hostname="idea-PC" failures="0" tests="2" name="com.crm.practice.SeleniumGridPractice" time="75.275" errors="0" timestamp="2022-06-08T23:04:29 IST" skipped="0">
  <testcase classname="com.crm.practice.SeleniumGridPractice" name="launchBrowserInRemoteachine" time="51.339"/>
  <system-out/>
  <testcase classname="com.crm.practice.SeleniumGridPractice" name="launchBrowserInRemoteachine" time="23.936"/>
  <system-out/>
</testsuite> <!-- com.crm.practice.SeleniumGridPractice -->
