<?xml version="1.0" encoding="UTF-8"?>
<!-- Generated by org.testng.reporters.JUnitReportReporter -->
<testsuite hostname="idea-PC" failures="0" tests="1" name="com.crm.comcast.CampaignsTest.Test.CreateCampaignTest" time="123.518" errors="0" timestamp="2022-06-06T12:48:51 IST" skipped="0">
  <testcase classname="com.crm.comcast.CampaignsTest.Test.CreateCampaignTest" name="createCampainTest" time="123.518"/>
  <system-out/>
</testsuite> <!-- com.crm.comcast.CampaignsTest.Test.CreateCampaignTest -->
